============================= test session starts =============================
platform linux -- Python 3.11.4, pytest-7.4.0, pluggy-1.2.0
collected 3 items

tests/test_math.py .F.                                                  [100%]

================================== FAILURES ===================================
_________________________________ test_divide _________________________________

    def test_divide():
>       assert divide(10, 0) == 5

tests/test_math.py:12:
_ _ _ _ _ _ _ _ _ _ _ _ _ _ _ _ _ _ _ _ _ _ _ _ _ _ _ _ _ _ _ _ _ _ _ _ _ _ _ _

a = 10, b = 0

    def divide(a, b):
>       return a / b
E       ZeroDivisionError: division by zero

src/calc.py:4: ZeroDivisionError
=========================== short test summary info ===========================
FAILED tests/test_math.py::test_divide - ZeroDivisionError: division by zero
========================= 1 failed, 2 passed in 0.05s ==========================